<?xml version="1.0" encoding="UTF-8"?>
<!-- Generated by org.testng.reporters.JUnitXMLReporter -->
<testsuite hostname="abhi" ignored="2" name="Default test" tests="1" failures="0" timestamp="13 Mar 2018 06:14:08 GMT" time="108.838" errors="0">
  <testcase name="testInvalidLogin" time="17.075" classname="script.InvalidLogin"/>
  <testcase name="testValidLogin" time="0.0" classname="script.ValidLogin">
    <ignored/>
  </testcase> <!-- testValidLogin -->
  <testcase name="testProductVersion" time="0.0" classname="script.CheckProductVersion">
    <ignored/>
  </testcase> <!-- testProductVersion -->
</testsuite> <!-- Default test -->
