<?xml version="1.0" encoding="UTF-8"?>
<!-- Generated by org.testng.reporters.JUnitXMLReporter -->
<testsuite hostname="abhi" ignored="2" name="Win7GC" tests="1" failures="0" timestamp="21 Jan 2018 11:36:47 GMT" time="18.744" errors="0">
  <testcase name="testValidLogin" time="8.46" classname="script.ValidLogin"/>
  <testcase name="testInvalidLogin" time="0.0" classname="script.InvalidLogin">
    <ignored/>
  </testcase> <!-- testInvalidLogin -->
  <testcase name="testProductVersion" time="0.0" classname="script.CheckProductVersion">
    <ignored/>
  </testcase> <!-- testProductVersion -->
</testsuite> <!-- Win7GC -->
