<?xml version="1.0" encoding="UTF-8"?>
<!-- Generated by org.testng.reporters.JUnitXMLReporter -->
<testsuite hostname="abhi" ignored="0" name="Win7FF" tests="3" failures="0" timestamp="12 Jan 2018 12:13:38 GMT" time="3.168" errors="0">
  <testcase name="@BeforeMethod openApp" time="1.019" classname="pack1.BaseTest">
    <failure type="java.lang.NullPointerException">
      <![CDATA[java.lang.NullPointerExceptionat pack1.BaseTest.openApp(BaseTest.java:64)... Removed 28 stack frames]]>
    </failure>
  </testcase> <!-- @BeforeMethod openApp -->
  <testcase name="@AfterMethod closeApp" time="0.001" classname="pack1.BaseTest">
    <failure type="java.lang.NullPointerException">
      <![CDATA[java.lang.NullPointerExceptionat pack1.BaseTest.closeApp(BaseTest.java:80)... Removed 28 stack frames]]>
    </failure>
  </testcase> <!-- @AfterMethod closeApp -->
  <testcase name="@BeforeMethod openApp" time="1.035" classname="pack1.BaseTest">
    <failure type="java.lang.NullPointerException">
      <![CDATA[java.lang.NullPointerExceptionat pack1.BaseTest.openApp(BaseTest.java:64)... Removed 28 stack frames]]>
    </failure>
  </testcase> <!-- @BeforeMethod openApp -->
  <testcase name="@AfterMethod closeApp" time="0.001" classname="pack1.BaseTest">
    <failure type="java.lang.NullPointerException">
      <![CDATA[java.lang.NullPointerExceptionat pack1.BaseTest.closeApp(BaseTest.java:80)... Removed 28 stack frames]]>
    </failure>
  </testcase> <!-- @AfterMethod closeApp -->
  <testcase name="@BeforeMethod openApp" time="1.022" classname="pack1.BaseTest">
    <failure type="java.lang.NullPointerException">
      <![CDATA[java.lang.NullPointerExceptionat pack1.BaseTest.openApp(BaseTest.java:64)... Removed 28 stack frames]]>
    </failure>
  </testcase> <!-- @BeforeMethod openApp -->
  <testcase name="@AfterMethod closeApp" time="0.001" classname="pack1.BaseTest">
    <failure type="java.lang.NullPointerException">
      <![CDATA[java.lang.NullPointerExceptionat pack1.BaseTest.closeApp(BaseTest.java:80)... Removed 28 stack frames]]>
    </failure>
  </testcase> <!-- @AfterMethod closeApp -->
  <testcase name="testValidLogin" time="0.0" classname="script.ValidLogin">
    <skipped/>
  </testcase> <!-- testValidLogin -->
  <testcase name="testInvalidLogin" time="0.0" classname="script.InvalidLogin">
    <skipped/>
  </testcase> <!-- testInvalidLogin -->
  <testcase name="testProductVersion" time="0.0" classname="script.CheckProductVersion">
    <skipped/>
  </testcase> <!-- testProductVersion -->
</testsuite> <!-- Win7FF -->
