<?xml version="1.0" encoding="UTF-8"?>
<testng-results skipped="0" failed="0" ignored="2" total="3" passed="1">
  <reporter-output>
  </reporter-output>
  <suite name="Default suite" duration-ms="108838" started-at="2018-03-13T06:12:18Z" finished-at="2018-03-13T06:14:06Z">
    <groups>
      <group name="login">
        <method signature="InvalidLogin.testInvalidLogin()[pri:2, instance:script.InvalidLogin@1a1d6a08]" name="testInvalidLogin" class="script.InvalidLogin"/>
      </group> <!-- login -->
    </groups>
    <test name="Default test" duration-ms="108838" started-at="2018-03-13T06:12:18Z" finished-at="2018-03-13T06:14:06Z">
      <class name="script.InvalidLogin">
        <test-method status="PASS" signature="openApp(java.lang.String, java.lang.String)[pri:0, instance:script.InvalidLogin@1a1d6a08]" name="openApp" is-config="true" duration-ms="88737" started-at="2018-03-13T11:42:18Z" finished-at="2018-03-13T11:43:46Z">
          <params>
            <param index="0">
              <value>
                <![CDATA[chrome]]>
              </value>
            </param>
            <param index="1">
              <value>
                <![CDATA[localhost]]>
              </value>
            </param>
          </params>
          <reporter-output>
          </reporter-output>
        </test-method> <!-- openApp -->
        <test-method status="PASS" signature="testInvalidLogin()[pri:2, instance:script.InvalidLogin@1a1d6a08]" name="testInvalidLogin" duration-ms="17075" started-at="2018-03-13T11:43:46Z" finished-at="2018-03-13T11:44:03Z">
          <reporter-output>
          </reporter-output>
        </test-method> <!-- testInvalidLogin -->
        <test-method status="PASS" signature="closeApp(org.testng.ITestResult)[pri:0, instance:script.InvalidLogin@1a1d6a08]" name="closeApp" is-config="true" duration-ms="2993" started-at="2018-03-13T11:44:03Z" finished-at="2018-03-13T11:44:06Z">
          <params>
            <param index="0">
              <value>
                <![CDATA[[TestResult name=testInvalidLogin status=SUCCESS method=InvalidLogin.testInvalidLogin()[pri:2, instance:script.InvalidLogin@1a1d6a08] output={null}]]]>
              </value>
            </param>
          </params>
          <reporter-output>
          </reporter-output>
        </test-method> <!-- closeApp -->
      </class> <!-- script.InvalidLogin -->
    </test> <!-- Default test -->
  </suite> <!-- Default suite -->
</testng-results>
