<?xml version="1.0" encoding="UTF-8"?>
<testng-results skipped="0" failed="0" ignored="2" total="3" passed="1">
  <reporter-output>
    <line>
      <![CDATA[pass:HomePage is Displayed]]>
    </line>
  </reporter-output>
  <suite name="Suite" duration-ms="18744" started-at="2018-01-21T11:36:28Z" finished-at="2018-01-21T11:36:47Z">
    <groups>
      <group name="smoke">
        <method signature="ValidLogin.testValidLogin()[pri:1, instance:script.ValidLogin@2353b3e6]" name="testValidLogin" class="script.ValidLogin"/>
      </group> <!-- smoke -->
      <group name="login">
        <method signature="ValidLogin.testValidLogin()[pri:1, instance:script.ValidLogin@2353b3e6]" name="testValidLogin" class="script.ValidLogin"/>
      </group> <!-- login -->
    </groups>
    <test name="Win7GC" duration-ms="18744" started-at="2018-01-21T11:36:28Z" finished-at="2018-01-21T11:36:47Z">
      <class name="script.ValidLogin">
        <test-method status="PASS" signature="openApp(java.lang.String, java.lang.String)[pri:0, instance:script.ValidLogin@2353b3e6]" name="openApp" is-config="true" duration-ms="9966" started-at="2018-01-21T17:06:28Z" finished-at="2018-01-21T17:06:38Z">
          <params>
            <param index="0">
              <value>
                <![CDATA[chrome]]>
              </value>
            </param>
            <param index="1">
              <value>
                <![CDATA[192.168.100.1]]>
              </value>
            </param>
          </params>
          <reporter-output>
          </reporter-output>
        </test-method> <!-- openApp -->
        <test-method status="PASS" signature="testValidLogin()[pri:1, instance:script.ValidLogin@2353b3e6]" name="testValidLogin" duration-ms="8460" started-at="2018-01-21T17:06:38Z" finished-at="2018-01-21T17:06:47Z">
          <reporter-output>
            <line>
              <![CDATA[pass:HomePage is Displayed]]>
            </line>
          </reporter-output>
        </test-method> <!-- testValidLogin -->
        <test-method status="PASS" signature="closeApp(org.testng.ITestResult)[pri:0, instance:script.ValidLogin@2353b3e6]" name="closeApp" is-config="true" duration-ms="277" started-at="2018-01-21T17:06:47Z" finished-at="2018-01-21T17:06:47Z">
          <params>
            <param index="0">
              <value>
                <![CDATA[[TestResult name=testValidLogin status=SUCCESS method=ValidLogin.testValidLogin()[pri:1, instance:script.ValidLogin@2353b3e6] output=pass:HomePage is Displayed]]]>
              </value>
            </param>
          </params>
          <reporter-output>
          </reporter-output>
        </test-method> <!-- closeApp -->
      </class> <!-- script.ValidLogin -->
    </test> <!-- Win7GC -->
  </suite> <!-- Suite -->
</testng-results>
